2024-12-19 10:37:54,888 ERROR scheduler Skipped queueing erpnext.accounts.doctype.process_subscription.process_subscription.create_subscription_process because it was found in queue for frontend
2024-12-19 10:37:54,905 ERROR scheduler Skipped queueing frappe.desk.doctype.changelog_feed.changelog_feed.fetch_changelog_feed because it was found in queue for frontend
2024-12-19 10:37:54,906 ERROR scheduler Skipped queueing frappe.integrations.doctype.google_drive.google_drive.weekly_backup because it was found in queue for frontend
2024-12-19 10:37:54,908 ERROR scheduler Skipped queueing frappe.social.doctype.energy_point_log.energy_point_log.send_weekly_summary because it was found in queue for frontend
2024-12-19 10:37:54,909 ERROR scheduler Skipped queueing frappe.utils.change_log.check_for_update because it was found in queue for frontend
2024-12-19 10:37:54,910 ERROR scheduler Skipped queueing frappe.desk.form.document_follow.send_weekly_updates because it was found in queue for frontend
2024-12-19 10:37:54,912 ERROR scheduler Skipped queueing frappe.integrations.doctype.s3_backup_settings.s3_backup_settings.take_backups_weekly because it was found in queue for frontend
2024-12-19 10:37:54,915 ERROR scheduler Skipped queueing frappe.integrations.doctype.dropbox_settings.dropbox_settings.take_backups_weekly because it was found in queue for frontend
2024-12-19 10:37:54,916 ERROR scheduler Skipped queueing frappe.integrations.doctype.google_drive.google_drive.daily_backup because it was found in queue for frontend
2024-12-19 10:37:54,918 ERROR scheduler Skipped queueing frappe.email.doctype.auto_email_report.auto_email_report.send_daily because it was found in queue for frontend
2024-12-19 10:37:54,919 ERROR scheduler Skipped queueing frappe.integrations.doctype.s3_backup_settings.s3_backup_settings.take_backups_daily because it was found in queue for frontend
2024-12-19 10:37:54,922 ERROR scheduler Skipped queueing frappe.integrations.doctype.dropbox_settings.dropbox_settings.take_backups_daily because it was found in queue for frontend
2024-12-19 10:38:54,962 ERROR scheduler Skipped queueing erpnext.utilities.bulk_transaction.retry because it was found in queue for frontend
2024-12-19 10:38:54,964 ERROR scheduler Skipped queueing erpnext.stock.doctype.repost_item_valuation.repost_item_valuation.repost_entries because it was found in queue for frontend
2024-12-19 10:38:54,966 ERROR scheduler Skipped queueing erpnext.assets.doctype.asset.depreciation.post_depreciation_entries because it was found in queue for frontend
2024-12-19 10:38:54,967 ERROR scheduler Skipped queueing erpnext.crm.utils.open_leads_opportunities_based_on_todays_event because it was found in queue for frontend
2024-12-19 10:38:54,968 ERROR scheduler Skipped queueing erpnext.manufacturing.doctype.bom_update_tool.bom_update_tool.auto_update_latest_price_in_all_boms because it was found in queue for frontend
2024-12-19 10:38:54,970 ERROR scheduler Skipped queueing erpnext.setup.doctype.email_digest.email_digest.send because it was found in queue for frontend
2024-12-19 10:38:54,971 ERROR scheduler Skipped queueing erpnext.accounts.doctype.process_subscription.process_subscription.create_subscription_process because it was found in queue for frontend
2024-12-19 10:38:54,983 ERROR scheduler Skipped queueing frappe.desk.doctype.changelog_feed.changelog_feed.fetch_changelog_feed because it was found in queue for frontend
2024-12-19 10:38:54,985 ERROR scheduler Skipped queueing frappe.integrations.doctype.google_drive.google_drive.weekly_backup because it was found in queue for frontend
2024-12-19 10:38:54,986 ERROR scheduler Skipped queueing frappe.social.doctype.energy_point_log.energy_point_log.send_weekly_summary because it was found in queue for frontend
2024-12-19 10:38:54,988 ERROR scheduler Skipped queueing frappe.utils.change_log.check_for_update because it was found in queue for frontend
2024-12-19 10:38:54,989 ERROR scheduler Skipped queueing frappe.desk.form.document_follow.send_weekly_updates because it was found in queue for frontend
2024-12-19 10:38:54,990 ERROR scheduler Skipped queueing frappe.integrations.doctype.s3_backup_settings.s3_backup_settings.take_backups_weekly because it was found in queue for frontend
2024-12-19 10:38:54,992 ERROR scheduler Skipped queueing frappe.integrations.doctype.dropbox_settings.dropbox_settings.take_backups_weekly because it was found in queue for frontend
2024-12-19 10:38:54,993 ERROR scheduler Skipped queueing frappe.integrations.doctype.google_drive.google_drive.daily_backup because it was found in queue for frontend
2024-12-19 10:38:54,994 ERROR scheduler Skipped queueing frappe.email.doctype.auto_email_report.auto_email_report.send_daily because it was found in queue for frontend
2024-12-19 10:38:54,996 ERROR scheduler Skipped queueing frappe.integrations.doctype.s3_backup_settings.s3_backup_settings.take_backups_daily because it was found in queue for frontend
2024-12-19 10:38:54,997 ERROR scheduler Skipped queueing frappe.integrations.doctype.dropbox_settings.dropbox_settings.take_backups_daily because it was found in queue for frontend
2024-12-19 10:39:55,033 ERROR scheduler Skipped queueing erpnext.utilities.bulk_transaction.retry because it was found in queue for frontend
2024-12-19 10:39:55,034 ERROR scheduler Skipped queueing erpnext.stock.doctype.repost_item_valuation.repost_item_valuation.repost_entries because it was found in queue for frontend
2024-12-19 10:39:55,036 ERROR scheduler Skipped queueing erpnext.assets.doctype.asset.depreciation.post_depreciation_entries because it was found in queue for frontend
2024-12-19 10:39:55,037 ERROR scheduler Skipped queueing erpnext.crm.utils.open_leads_opportunities_based_on_todays_event because it was found in queue for frontend
2024-12-19 10:39:55,039 ERROR scheduler Skipped queueing erpnext.manufacturing.doctype.bom_update_tool.bom_update_tool.auto_update_latest_price_in_all_boms because it was found in queue for frontend
2024-12-19 10:39:55,040 ERROR scheduler Skipped queueing erpnext.setup.doctype.email_digest.email_digest.send because it was found in queue for frontend
2024-12-19 10:39:55,041 ERROR scheduler Skipped queueing erpnext.accounts.doctype.process_subscription.process_subscription.create_subscription_process because it was found in queue for frontend
2024-12-19 10:39:55,054 ERROR scheduler Skipped queueing frappe.desk.doctype.changelog_feed.changelog_feed.fetch_changelog_feed because it was found in queue for frontend
2024-12-19 10:39:55,055 ERROR scheduler Skipped queueing frappe.integrations.doctype.google_drive.google_drive.weekly_backup because it was found in queue for frontend
2024-12-19 10:39:55,056 ERROR scheduler Skipped queueing frappe.social.doctype.energy_point_log.energy_point_log.send_weekly_summary because it was found in queue for frontend
2024-12-19 10:39:55,058 ERROR scheduler Skipped queueing frappe.utils.change_log.check_for_update because it was found in queue for frontend
2024-12-19 10:39:55,059 ERROR scheduler Skipped queueing frappe.desk.form.document_follow.send_weekly_updates because it was found in queue for frontend
2024-12-19 10:39:55,060 ERROR scheduler Skipped queueing frappe.integrations.doctype.s3_backup_settings.s3_backup_settings.take_backups_weekly because it was found in queue for frontend
2024-12-19 10:39:55,061 ERROR scheduler Skipped queueing frappe.integrations.doctype.dropbox_settings.dropbox_settings.take_backups_weekly because it was found in queue for frontend
2024-12-19 10:39:55,062 ERROR scheduler Skipped queueing frappe.integrations.doctype.google_drive.google_drive.daily_backup because it was found in queue for frontend
2024-12-19 10:39:55,063 ERROR scheduler Skipped queueing frappe.email.doctype.auto_email_report.auto_email_report.send_daily because it was found in queue for frontend
2024-12-19 10:39:55,064 ERROR scheduler Skipped queueing frappe.integrations.doctype.s3_backup_settings.s3_backup_settings.take_backups_daily because it was found in queue for frontend
2024-12-19 10:39:55,065 ERROR scheduler Skipped queueing frappe.integrations.doctype.dropbox_settings.dropbox_settings.take_backups_daily because it was found in queue for frontend
2024-12-19 10:40:55,116 ERROR scheduler Skipped queueing erpnext.utilities.bulk_transaction.retry because it was found in queue for frontend
2024-12-19 10:40:55,117 ERROR scheduler Skipped queueing erpnext.stock.doctype.repost_item_valuation.repost_item_valuation.repost_entries because it was found in queue for frontend
2024-12-19 10:40:55,120 ERROR scheduler Skipped queueing erpnext.assets.doctype.asset.depreciation.post_depreciation_entries because it was found in queue for frontend
2024-12-19 10:40:55,121 ERROR scheduler Skipped queueing erpnext.crm.utils.open_leads_opportunities_based_on_todays_event because it was found in queue for frontend
2024-12-19 10:40:55,123 ERROR scheduler Skipped queueing erpnext.manufacturing.doctype.bom_update_tool.bom_update_tool.auto_update_latest_price_in_all_boms because it was found in queue for frontend
2024-12-19 10:40:55,126 ERROR scheduler Skipped queueing erpnext.setup.doctype.email_digest.email_digest.send because it was found in queue for frontend
2024-12-19 10:40:55,127 ERROR scheduler Skipped queueing erpnext.accounts.doctype.process_subscription.process_subscription.create_subscription_process because it was found in queue for frontend
2024-12-19 10:40:55,140 ERROR scheduler Skipped queueing frappe.desk.doctype.changelog_feed.changelog_feed.fetch_changelog_feed because it was found in queue for frontend
2024-12-19 10:40:55,142 ERROR scheduler Skipped queueing frappe.integrations.doctype.google_drive.google_drive.weekly_backup because it was found in queue for frontend
2024-12-19 10:40:55,144 ERROR scheduler Skipped queueing frappe.social.doctype.energy_point_log.energy_point_log.send_weekly_summary because it was found in queue for frontend
2024-12-19 10:40:55,145 ERROR scheduler Skipped queueing frappe.utils.change_log.check_for_update because it was found in queue for frontend
2024-12-19 10:40:55,147 ERROR scheduler Skipped queueing frappe.desk.form.document_follow.send_weekly_updates because it was found in queue for frontend
2024-12-19 10:40:55,148 ERROR scheduler Skipped queueing frappe.integrations.doctype.s3_backup_settings.s3_backup_settings.take_backups_weekly because it was found in queue for frontend
2024-12-19 10:40:55,149 ERROR scheduler Skipped queueing frappe.integrations.doctype.dropbox_settings.dropbox_settings.take_backups_weekly because it was found in queue for frontend
2024-12-19 10:40:55,151 ERROR scheduler Skipped queueing frappe.integrations.doctype.google_drive.google_drive.daily_backup because it was found in queue for frontend
2024-12-19 10:40:55,152 ERROR scheduler Skipped queueing frappe.email.doctype.auto_email_report.auto_email_report.send_daily because it was found in queue for frontend
2024-12-19 10:40:55,153 ERROR scheduler Skipped queueing frappe.integrations.doctype.s3_backup_settings.s3_backup_settings.take_backups_daily because it was found in queue for frontend
2024-12-19 10:40:55,154 ERROR scheduler Skipped queueing frappe.integrations.doctype.dropbox_settings.dropbox_settings.take_backups_daily because it was found in queue for frontend
2024-12-19 10:41:55,242 ERROR scheduler Skipped queueing erpnext.utilities.bulk_transaction.retry because it was found in queue for frontend
2024-12-19 10:41:55,243 ERROR scheduler Skipped queueing erpnext.stock.doctype.repost_item_valuation.repost_item_valuation.repost_entries because it was found in queue for frontend
2024-12-19 10:41:55,245 ERROR scheduler Skipped queueing erpnext.assets.doctype.asset.depreciation.post_depreciation_entries because it was found in queue for frontend
2024-12-19 10:41:55,246 ERROR scheduler Skipped queueing erpnext.crm.utils.open_leads_opportunities_based_on_todays_event because it was found in queue for frontend
2024-12-19 10:41:55,248 ERROR scheduler Skipped queueing erpnext.manufacturing.doctype.bom_update_tool.bom_update_tool.auto_update_latest_price_in_all_boms because it was found in queue for frontend
2024-12-19 10:41:55,249 ERROR scheduler Skipped queueing erpnext.setup.doctype.email_digest.email_digest.send because it was found in queue for frontend
2024-12-19 10:41:55,250 ERROR scheduler Skipped queueing erpnext.accounts.doctype.process_subscription.process_subscription.create_subscription_process because it was found in queue for frontend
2024-12-19 10:41:55,263 ERROR scheduler Skipped queueing frappe.desk.doctype.changelog_feed.changelog_feed.fetch_changelog_feed because it was found in queue for frontend
2024-12-19 10:41:55,264 ERROR scheduler Skipped queueing frappe.integrations.doctype.google_drive.google_drive.weekly_backup because it was found in queue for frontend
2024-12-19 10:41:55,265 ERROR scheduler Skipped queueing frappe.social.doctype.energy_point_log.energy_point_log.send_weekly_summary because it was found in queue for frontend
2024-12-19 10:41:55,266 ERROR scheduler Skipped queueing frappe.utils.change_log.check_for_update because it was found in queue for frontend
2024-12-19 10:41:55,267 ERROR scheduler Skipped queueing frappe.desk.form.document_follow.send_weekly_updates because it was found in queue for frontend
2024-12-19 10:41:55,269 ERROR scheduler Skipped queueing frappe.integrations.doctype.s3_backup_settings.s3_backup_settings.take_backups_weekly because it was found in queue for frontend
2024-12-19 10:41:55,270 ERROR scheduler Skipped queueing frappe.integrations.doctype.dropbox_settings.dropbox_settings.take_backups_weekly because it was found in queue for frontend
2024-12-19 10:41:55,271 ERROR scheduler Skipped queueing frappe.integrations.doctype.google_drive.google_drive.daily_backup because it was found in queue for frontend
2024-12-19 10:41:55,272 ERROR scheduler Skipped queueing frappe.email.doctype.auto_email_report.auto_email_report.send_daily because it was found in queue for frontend
2024-12-19 10:41:55,274 ERROR scheduler Skipped queueing frappe.integrations.doctype.s3_backup_settings.s3_backup_settings.take_backups_daily because it was found in queue for frontend
2024-12-19 10:41:55,275 ERROR scheduler Skipped queueing frappe.integrations.doctype.dropbox_settings.dropbox_settings.take_backups_daily because it was found in queue for frontend
2024-12-19 10:42:55,334 ERROR scheduler Skipped queueing erpnext.utilities.bulk_transaction.retry because it was found in queue for frontend
2024-12-19 10:42:55,336 ERROR scheduler Skipped queueing erpnext.stock.doctype.repost_item_valuation.repost_item_valuation.repost_entries because it was found in queue for frontend
2024-12-19 10:42:55,339 ERROR scheduler Skipped queueing erpnext.assets.doctype.asset.depreciation.post_depreciation_entries because it was found in queue for frontend
2024-12-19 10:42:55,342 ERROR scheduler Skipped queueing erpnext.crm.utils.open_leads_opportunities_based_on_todays_event because it was found in queue for frontend
2024-12-19 10:42:55,350 ERROR scheduler Skipped queueing erpnext.manufacturing.doctype.bom_update_tool.bom_update_tool.auto_update_latest_price_in_all_boms because it was found in queue for frontend
2024-12-19 10:42:55,353 ERROR scheduler Skipped queueing erpnext.setup.doctype.email_digest.email_digest.send because it was found in queue for frontend
2024-12-19 10:42:55,355 ERROR scheduler Skipped queueing erpnext.accounts.doctype.process_subscription.process_subscription.create_subscription_process because it was found in queue for frontend
2024-12-19 10:42:55,408 ERROR scheduler Skipped queueing frappe.desk.doctype.changelog_feed.changelog_feed.fetch_changelog_feed because it was found in queue for frontend
2024-12-19 10:42:55,419 ERROR scheduler Skipped queueing frappe.integrations.doctype.google_drive.google_drive.weekly_backup because it was found in queue for frontend
2024-12-19 10:42:55,421 ERROR scheduler Skipped queueing frappe.social.doctype.energy_point_log.energy_point_log.send_weekly_summary because it was found in queue for frontend
2024-12-19 10:42:55,422 ERROR scheduler Skipped queueing frappe.utils.change_log.check_for_update because it was found in queue for frontend
2024-12-19 10:42:55,424 ERROR scheduler Skipped queueing frappe.desk.form.document_follow.send_weekly_updates because it was found in queue for frontend
2024-12-19 10:42:55,426 ERROR scheduler Skipped queueing frappe.integrations.doctype.s3_backup_settings.s3_backup_settings.take_backups_weekly because it was found in queue for frontend
2024-12-19 10:42:55,427 ERROR scheduler Skipped queueing frappe.integrations.doctype.dropbox_settings.dropbox_settings.take_backups_weekly because it was found in queue for frontend
2024-12-19 10:42:55,429 ERROR scheduler Skipped queueing frappe.integrations.doctype.google_drive.google_drive.daily_backup because it was found in queue for frontend
2024-12-19 10:42:55,430 ERROR scheduler Skipped queueing frappe.email.doctype.auto_email_report.auto_email_report.send_daily because it was found in queue for frontend
2024-12-19 10:42:55,432 ERROR scheduler Skipped queueing frappe.integrations.doctype.s3_backup_settings.s3_backup_settings.take_backups_daily because it was found in queue for frontend
2024-12-19 10:42:55,433 ERROR scheduler Skipped queueing frappe.integrations.doctype.dropbox_settings.dropbox_settings.take_backups_daily because it was found in queue for frontend
